"Start of log file."
"C:/Users/aiden/DOCUME~1/GitHub/TAFE20~1.PRO/ACTION~1/Assets/Other/TOPDOW~1/COPYRI~1/SIMPLE~1.MAX"
"Starting max loading and fbx conversion"
window = undefined
"Settings units"
"Before fbx export"
"After fbx export"
"Finished max loading and fbx conversion"
"C:/Users/aiden/DOCUME~1/GitHub/TAFE20~1.PRO/ACTION~1/Assets/3D/Models/Other/SIMPLE~1.MAX"
"Starting max loading and fbx conversion"
window = undefined
"Settings units"
"Before fbx export"
"After fbx export"
"Finished max loading and fbx conversion"
"C:/Users/aiden/DOCUME~1/GitHub/TAFE20~1.PRO/ACTION~1/Assets/3D/Models/Other/SIMPLE~1.MAX"
"Starting max loading and fbx conversion"
window = undefined
"Settings units"
"Before fbx export"
"After fbx export"
"Finished max loading and fbx conversion"
"C:/Users/aiden/DOCUME~1/GitHub/TAFE20~1.PRO/ACTION~1/Assets/Other/TOPDOW~1/COPYRI~1/SIMPLE~1.MAX"
"Starting max loading and fbx conversion"
window = undefined
"Settings units"
"Before fbx export"
"After fbx export"
"Finished max loading and fbx conversion"
